<?xml version="1.0" encoding="UTF-8"?>
<!-- Generated by org.testng.reporters.JUnitReportReporter -->
<testsuite hostname="DESKTOP-55PUCGI" failures="0" tests="5" name="runners.TestRunner" time="65.785" errors="0" timestamp="2025-07-05T10:35:16 IST" skipped="0">
  <testcase classname="runners.TestRunner" name="runScenario" time="11.570"/>
  <testcase classname="runners.TestRunner" name="runScenario" time="16.789"/>
  <testcase classname="runners.TestRunner" name="runScenario" time="12.599"/>
  <testcase classname="runners.TestRunner" name="runScenario" time="11.348"/>
  <testcase classname="runners.TestRunner" name="runScenario" time="13.479"/>
</testsuite> <!-- runners.TestRunner -->
